[0.466s] Invoking command in '/home/jeongjiwon/busan_ws/build/turtle_move': PYTHONPATH=/home/jeongjiwon/busan_ws/build/turtle_move/prefix_override:/home/jeongjiwon/busan_ws/install/turtle_move/lib/python3.8/site-packages:${PYTHONPATH} /usr/bin/python3 -W ignore:setup.py install is deprecated setup.py develop --editable --build-directory /home/jeongjiwon/busan_ws/build/turtle_move/build --no-deps symlink_data
[0.607s] running develop
[0.693s] running egg_info
[0.693s] creating turtle_move.egg-info
[0.693s] writing turtle_move.egg-info/PKG-INFO
[0.693s] writing dependency_links to turtle_move.egg-info/dependency_links.txt
[0.693s] writing entry points to turtle_move.egg-info/entry_points.txt
[0.693s] writing requirements to turtle_move.egg-info/requires.txt
[0.693s] writing top-level names to turtle_move.egg-info/top_level.txt
[0.694s] writing manifest file 'turtle_move.egg-info/SOURCES.txt'
[0.711s] reading manifest file 'turtle_move.egg-info/SOURCES.txt'
[0.712s] writing manifest file 'turtle_move.egg-info/SOURCES.txt'
[0.730s] running build_ext
[0.730s] Creating /home/jeongjiwon/busan_ws/install/turtle_move/lib/python3.8/site-packages/site.py
[0.731s] Creating /home/jeongjiwon/busan_ws/install/turtle_move/lib/python3.8/site-packages/turtle-move.egg-link (link to .)
[0.732s] Installing moveTurtleSim script to /home/jeongjiwon/busan_ws/install/turtle_move/lib/turtle_move
[0.732s] 
[0.732s] Installed /home/jeongjiwon/busan_ws/build/turtle_move
[0.732s] running symlink_data
[0.732s] creating /home/jeongjiwon/busan_ws/install/turtle_move/share/ament_index
[0.732s] creating /home/jeongjiwon/busan_ws/install/turtle_move/share/ament_index/resource_index
[0.732s] creating /home/jeongjiwon/busan_ws/install/turtle_move/share/ament_index/resource_index/packages
[0.732s] symbolically linking /home/jeongjiwon/busan_ws/build/turtle_move/resource/turtle_move -> /home/jeongjiwon/busan_ws/install/turtle_move/share/ament_index/resource_index/packages
[0.732s] symbolically linking /home/jeongjiwon/busan_ws/build/turtle_move/package.xml -> /home/jeongjiwon/busan_ws/install/turtle_move/share/turtle_move
[0.732s] creating /home/jeongjiwon/busan_ws/install/turtle_move/share/turtle_move/launch
[0.732s] symbolically linking /home/jeongjiwon/busan_ws/build/turtle_move/launch/turtleMove.launch.py -> /home/jeongjiwon/busan_ws/install/turtle_move/share/turtle_move/launch
[0.750s] Invoked command in '/home/jeongjiwon/busan_ws/build/turtle_move' returned '0': PYTHONPATH=/home/jeongjiwon/busan_ws/build/turtle_move/prefix_override:/home/jeongjiwon/busan_ws/install/turtle_move/lib/python3.8/site-packages:${PYTHONPATH} /usr/bin/python3 -W ignore:setup.py install is deprecated setup.py develop --editable --build-directory /home/jeongjiwon/busan_ws/build/turtle_move/build --no-deps symlink_data
