[0.099s] DEBUG:colcon:Command line arguments: ['/usr/bin/colcon', 'build', '--symlink-install']
[0.099s] DEBUG:colcon:Parsed command line arguments: Namespace(allow_overriding=[], ament_cmake_args=None, base_paths=['.'], build_base='build', catkin_cmake_args=None, catkin_skip_building_tests=False, cmake_args=None, cmake_clean_cache=False, cmake_clean_first=False, cmake_force_configure=False, cmake_target=None, cmake_target_skip_unavailable=False, continue_on_error=False, event_handlers=None, executor='parallel', ignore_user_meta=False, install_base='install', log_base=None, log_level=None, main=<bound method BuildVerb.main of <colcon_core.verb.build.BuildVerb object at 0x7f19b9cd3a90>>, merge_install=False, metas=['./colcon.meta'], packages_above=None, packages_above_and_dependencies=None, packages_above_depth=None, packages_end=None, packages_ignore=None, packages_ignore_regex=None, packages_select=None, packages_select_build_failed=False, packages_select_by_dep=None, packages_select_regex=None, packages_select_test_failures=False, packages_skip=None, packages_skip_build_finished=False, packages_skip_by_dep=None, packages_skip_regex=None, packages_skip_test_passed=False, packages_skip_up_to=None, packages_start=None, packages_up_to=None, packages_up_to_regex=None, parallel_workers=16, paths=None, symlink_install=True, test_result_base=None, verb_extension=<colcon_core.verb.build.BuildVerb object at 0x7f19b9cd3a90>, verb_name='build', verb_parser=<colcon_defaults.argument_parser.defaults.DefaultArgumentsDecorator object at 0x7f19b9ba6be0>)
[0.180s] Level 1:colcon.colcon_core.package_discovery:discover_packages(colcon_meta) check parameters
[0.180s] Level 1:colcon.colcon_core.package_discovery:discover_packages(recursive) check parameters
[0.180s] Level 1:colcon.colcon_core.package_discovery:discover_packages(ignore) check parameters
[0.180s] Level 1:colcon.colcon_core.package_discovery:discover_packages(path) check parameters
[0.180s] Level 1:colcon.colcon_core.package_discovery:discover_packages(colcon_meta) discover
[0.180s] Level 1:colcon.colcon_core.package_discovery:discover_packages(recursive) discover
[0.180s] INFO:colcon.colcon_core.package_discovery:Crawling recursively for packages in '/home/jeongjiwon/busan_ws'
[0.180s] Level 1:colcon.colcon_core.package_identification:_identify(.) by extensions ['ignore', 'ignore_ament_install']
[0.180s] Level 1:colcon.colcon_core.package_identification:_identify(.) by extension 'ignore'
[0.181s] Level 1:colcon.colcon_core.package_identification:_identify(.) by extension 'ignore_ament_install'
[0.181s] Level 1:colcon.colcon_core.package_identification:_identify(.) by extensions ['colcon_pkg']
[0.181s] Level 1:colcon.colcon_core.package_identification:_identify(.) by extension 'colcon_pkg'
[0.181s] Level 1:colcon.colcon_core.package_identification:_identify(.) by extensions ['colcon_meta']
[0.181s] Level 1:colcon.colcon_core.package_identification:_identify(.) by extension 'colcon_meta'
[0.181s] Level 1:colcon.colcon_core.package_identification:_identify(.) by extensions ['ros']
[0.181s] Level 1:colcon.colcon_core.package_identification:_identify(.) by extension 'ros'
[0.187s] Level 1:colcon.colcon_core.package_identification:_identify(.) by extensions ['cmake', 'python']
[0.187s] Level 1:colcon.colcon_core.package_identification:_identify(.) by extension 'cmake'
[0.187s] Level 1:colcon.colcon_core.package_identification:_identify(.) by extension 'python'
[0.187s] Level 1:colcon.colcon_core.package_identification:_identify(.) by extensions ['python_setup_py']
[0.187s] Level 1:colcon.colcon_core.package_identification:_identify(.) by extension 'python_setup_py'
[0.187s] Level 1:colcon.colcon_core.package_identification:_identify(build) by extensions ['ignore', 'ignore_ament_install']
[0.187s] Level 1:colcon.colcon_core.package_identification:_identify(build) by extension 'ignore'
[0.187s] Level 1:colcon.colcon_core.package_identification:_identify(build) ignored
[0.187s] Level 1:colcon.colcon_core.package_identification:_identify(busansoma) by extensions ['ignore', 'ignore_ament_install']
[0.187s] Level 1:colcon.colcon_core.package_identification:_identify(busansoma) by extension 'ignore'
[0.187s] Level 1:colcon.colcon_core.package_identification:_identify(busansoma) by extension 'ignore_ament_install'
[0.187s] Level 1:colcon.colcon_core.package_identification:_identify(busansoma) by extensions ['colcon_pkg']
[0.187s] Level 1:colcon.colcon_core.package_identification:_identify(busansoma) by extension 'colcon_pkg'
[0.187s] Level 1:colcon.colcon_core.package_identification:_identify(busansoma) by extensions ['colcon_meta']
[0.187s] Level 1:colcon.colcon_core.package_identification:_identify(busansoma) by extension 'colcon_meta'
[0.187s] Level 1:colcon.colcon_core.package_identification:_identify(busansoma) by extensions ['ros']
[0.187s] Level 1:colcon.colcon_core.package_identification:_identify(busansoma) by extension 'ros'
[0.187s] Level 1:colcon.colcon_core.package_identification:_identify(busansoma) by extensions ['cmake', 'python']
[0.187s] Level 1:colcon.colcon_core.package_identification:_identify(busansoma) by extension 'cmake'
[0.187s] Level 1:colcon.colcon_core.package_identification:_identify(busansoma) by extension 'python'
[0.187s] Level 1:colcon.colcon_core.package_identification:_identify(busansoma) by extensions ['python_setup_py']
[0.187s] Level 1:colcon.colcon_core.package_identification:_identify(busansoma) by extension 'python_setup_py'
[0.187s] Level 1:colcon.colcon_core.package_identification:_identify(busansoma/build) by extensions ['ignore', 'ignore_ament_install']
[0.187s] Level 1:colcon.colcon_core.package_identification:_identify(busansoma/build) by extension 'ignore'
[0.187s] Level 1:colcon.colcon_core.package_identification:_identify(busansoma/build) ignored
[0.187s] Level 1:colcon.colcon_core.package_identification:_identify(busansoma/install) by extensions ['ignore', 'ignore_ament_install']
[0.187s] Level 1:colcon.colcon_core.package_identification:_identify(busansoma/install) by extension 'ignore'
[0.187s] Level 1:colcon.colcon_core.package_identification:_identify(busansoma/install) ignored
[0.187s] Level 1:colcon.colcon_core.package_identification:_identify(busansoma/log) by extensions ['ignore', 'ignore_ament_install']
[0.187s] Level 1:colcon.colcon_core.package_identification:_identify(busansoma/log) by extension 'ignore'
[0.187s] Level 1:colcon.colcon_core.package_identification:_identify(busansoma/log) ignored
[0.187s] Level 1:colcon.colcon_core.package_identification:_identify(busansoma/my_pkg) by extensions ['ignore', 'ignore_ament_install']
[0.187s] Level 1:colcon.colcon_core.package_identification:_identify(busansoma/my_pkg) by extension 'ignore'
[0.187s] Level 1:colcon.colcon_core.package_identification:_identify(busansoma/my_pkg) by extension 'ignore_ament_install'
[0.187s] Level 1:colcon.colcon_core.package_identification:_identify(busansoma/my_pkg) by extensions ['colcon_pkg']
[0.188s] Level 1:colcon.colcon_core.package_identification:_identify(busansoma/my_pkg) by extension 'colcon_pkg'
[0.188s] Level 1:colcon.colcon_core.package_identification:_identify(busansoma/my_pkg) by extensions ['colcon_meta']
[0.188s] Level 1:colcon.colcon_core.package_identification:_identify(busansoma/my_pkg) by extension 'colcon_meta'
[0.188s] Level 1:colcon.colcon_core.package_identification:_identify(busansoma/my_pkg) by extensions ['ros']
[0.188s] Level 1:colcon.colcon_core.package_identification:_identify(busansoma/my_pkg) by extension 'ros'
[0.189s] DEBUG:colcon.colcon_core.package_identification:Package 'busansoma/my_pkg' with type 'ros.ament_python' and name 'my_pkg'
[0.189s] Level 1:colcon.colcon_core.package_identification:_identify(busansoma/turtle_move) by extensions ['ignore', 'ignore_ament_install']
[0.189s] Level 1:colcon.colcon_core.package_identification:_identify(busansoma/turtle_move) by extension 'ignore'
[0.189s] Level 1:colcon.colcon_core.package_identification:_identify(busansoma/turtle_move) by extension 'ignore_ament_install'
[0.189s] Level 1:colcon.colcon_core.package_identification:_identify(busansoma/turtle_move) by extensions ['colcon_pkg']
[0.189s] Level 1:colcon.colcon_core.package_identification:_identify(busansoma/turtle_move) by extension 'colcon_pkg'
[0.189s] Level 1:colcon.colcon_core.package_identification:_identify(busansoma/turtle_move) by extensions ['colcon_meta']
[0.189s] Level 1:colcon.colcon_core.package_identification:_identify(busansoma/turtle_move) by extension 'colcon_meta'
[0.189s] Level 1:colcon.colcon_core.package_identification:_identify(busansoma/turtle_move) by extensions ['ros']
[0.189s] Level 1:colcon.colcon_core.package_identification:_identify(busansoma/turtle_move) by extension 'ros'
[0.189s] DEBUG:colcon.colcon_core.package_identification:Package 'busansoma/turtle_move' with type 'ros.ament_python' and name 'turtle_move'
[0.189s] Level 1:colcon.colcon_core.package_identification:_identify(install) by extensions ['ignore', 'ignore_ament_install']
[0.189s] Level 1:colcon.colcon_core.package_identification:_identify(install) by extension 'ignore'
[0.189s] Level 1:colcon.colcon_core.package_identification:_identify(install) ignored
[0.189s] Level 1:colcon.colcon_core.package_identification:_identify(log) by extensions ['ignore', 'ignore_ament_install']
[0.189s] Level 1:colcon.colcon_core.package_identification:_identify(log) by extension 'ignore'
[0.190s] Level 1:colcon.colcon_core.package_identification:_identify(log) ignored
[0.190s] Level 1:colcon.colcon_core.package_discovery:discover_packages(recursive) using defaults
[0.190s] Level 1:colcon.colcon_core.package_discovery:discover_packages(ignore) discover
[0.190s] Level 1:colcon.colcon_core.package_discovery:discover_packages(ignore) using defaults
[0.190s] Level 1:colcon.colcon_core.package_discovery:discover_packages(path) discover
[0.190s] Level 1:colcon.colcon_core.package_discovery:discover_packages(path) using defaults
[0.198s] Level 1:colcon.colcon_core.package_discovery:discover_packages(prefix_path) check parameters
[0.198s] Level 1:colcon.colcon_core.package_discovery:discover_packages(prefix_path) discover
[0.199s] DEBUG:colcon.colcon_installed_package_information.package_discovery:Found 268 installed packages in /opt/ros/galactic
[0.201s] DEBUG:colcon.colcon_installed_package_information.package_discovery:Found 375 installed packages in /opt/ros/foxy
[0.209s] Level 1:colcon.colcon_core.package_discovery:discover_packages(prefix_path) using defaults
[0.272s] Level 5:colcon.colcon_core.verb:set package 'my_pkg' build argument 'cmake_args' from command line to 'None'
[0.272s] Level 5:colcon.colcon_core.verb:set package 'my_pkg' build argument 'cmake_target' from command line to 'None'
[0.272s] Level 5:colcon.colcon_core.verb:set package 'my_pkg' build argument 'cmake_target_skip_unavailable' from command line to 'False'
[0.272s] Level 5:colcon.colcon_core.verb:set package 'my_pkg' build argument 'cmake_clean_cache' from command line to 'False'
[0.272s] Level 5:colcon.colcon_core.verb:set package 'my_pkg' build argument 'cmake_clean_first' from command line to 'False'
[0.272s] Level 5:colcon.colcon_core.verb:set package 'my_pkg' build argument 'cmake_force_configure' from command line to 'False'
[0.272s] Level 5:colcon.colcon_core.verb:set package 'my_pkg' build argument 'ament_cmake_args' from command line to 'None'
[0.272s] Level 5:colcon.colcon_core.verb:set package 'my_pkg' build argument 'catkin_cmake_args' from command line to 'None'
[0.272s] Level 5:colcon.colcon_core.verb:set package 'my_pkg' build argument 'catkin_skip_building_tests' from command line to 'False'
[0.272s] DEBUG:colcon.colcon_core.verb:Building package 'my_pkg' with the following arguments: {'ament_cmake_args': None, 'build_base': '/home/jeongjiwon/busan_ws/build/my_pkg', 'catkin_cmake_args': None, 'catkin_skip_building_tests': False, 'cmake_args': None, 'cmake_clean_cache': False, 'cmake_clean_first': False, 'cmake_force_configure': False, 'cmake_target': None, 'cmake_target_skip_unavailable': False, 'install_base': '/home/jeongjiwon/busan_ws/install/my_pkg', 'merge_install': False, 'path': '/home/jeongjiwon/busan_ws/busansoma/my_pkg', 'symlink_install': True, 'test_result_base': None}
[0.272s] Level 5:colcon.colcon_core.verb:set package 'turtle_move' build argument 'cmake_args' from command line to 'None'
[0.272s] Level 5:colcon.colcon_core.verb:set package 'turtle_move' build argument 'cmake_target' from command line to 'None'
[0.272s] Level 5:colcon.colcon_core.verb:set package 'turtle_move' build argument 'cmake_target_skip_unavailable' from command line to 'False'
[0.272s] Level 5:colcon.colcon_core.verb:set package 'turtle_move' build argument 'cmake_clean_cache' from command line to 'False'
[0.272s] Level 5:colcon.colcon_core.verb:set package 'turtle_move' build argument 'cmake_clean_first' from command line to 'False'
[0.272s] Level 5:colcon.colcon_core.verb:set package 'turtle_move' build argument 'cmake_force_configure' from command line to 'False'
[0.272s] Level 5:colcon.colcon_core.verb:set package 'turtle_move' build argument 'ament_cmake_args' from command line to 'None'
[0.272s] Level 5:colcon.colcon_core.verb:set package 'turtle_move' build argument 'catkin_cmake_args' from command line to 'None'
[0.272s] Level 5:colcon.colcon_core.verb:set package 'turtle_move' build argument 'catkin_skip_building_tests' from command line to 'False'
[0.273s] DEBUG:colcon.colcon_core.verb:Building package 'turtle_move' with the following arguments: {'ament_cmake_args': None, 'build_base': '/home/jeongjiwon/busan_ws/build/turtle_move', 'catkin_cmake_args': None, 'catkin_skip_building_tests': False, 'cmake_args': None, 'cmake_clean_cache': False, 'cmake_clean_first': False, 'cmake_force_configure': False, 'cmake_target': None, 'cmake_target_skip_unavailable': False, 'install_base': '/home/jeongjiwon/busan_ws/install/turtle_move', 'merge_install': False, 'path': '/home/jeongjiwon/busan_ws/busansoma/turtle_move', 'symlink_install': True, 'test_result_base': None}
[0.273s] INFO:colcon.colcon_core.executor:Executing jobs using 'parallel' executor
[0.273s] DEBUG:colcon.colcon_parallel_executor.executor.parallel:run_until_complete
[0.274s] INFO:colcon.colcon_ros.task.ament_python.build:Building ROS package in '/home/jeongjiwon/busan_ws/busansoma/my_pkg' with build type 'ament_python'
[0.274s] Level 1:colcon.colcon_core.shell:create_environment_hook('my_pkg', 'ament_prefix_path')
[0.275s] INFO:colcon.colcon_core.plugin_system:Skipping extension 'colcon_core.shell.bat': Not used on non-Windows systems
[0.275s] INFO:colcon.colcon_core.shell:Creating environment hook '/home/jeongjiwon/busan_ws/install/my_pkg/share/my_pkg/hook/ament_prefix_path.ps1'
[0.275s] INFO:colcon.colcon_core.shell:Creating environment descriptor '/home/jeongjiwon/busan_ws/install/my_pkg/share/my_pkg/hook/ament_prefix_path.dsv'
[0.275s] INFO:colcon.colcon_core.shell:Creating environment hook '/home/jeongjiwon/busan_ws/install/my_pkg/share/my_pkg/hook/ament_prefix_path.sh'
[0.276s] INFO:colcon.colcon_core.shell:Skip shell extension 'powershell' for command environment: Not usable outside of PowerShell
[0.276s] DEBUG:colcon.colcon_core.shell:Skip shell extension 'dsv' for command environment
[0.279s] INFO:colcon.colcon_ros.task.ament_python.build:Building ROS package in '/home/jeongjiwon/busan_ws/busansoma/turtle_move' with build type 'ament_python'
[0.279s] Level 1:colcon.colcon_core.shell:create_environment_hook('turtle_move', 'ament_prefix_path')
[0.280s] INFO:colcon.colcon_core.shell:Creating environment hook '/home/jeongjiwon/busan_ws/install/turtle_move/share/turtle_move/hook/ament_prefix_path.ps1'
[0.280s] INFO:colcon.colcon_core.shell:Creating environment descriptor '/home/jeongjiwon/busan_ws/install/turtle_move/share/turtle_move/hook/ament_prefix_path.dsv'
[0.281s] INFO:colcon.colcon_core.shell:Creating environment hook '/home/jeongjiwon/busan_ws/install/turtle_move/share/turtle_move/hook/ament_prefix_path.sh'
[0.281s] INFO:colcon.colcon_core.shell:Skip shell extension 'powershell' for command environment: Not usable outside of PowerShell
[0.281s] DEBUG:colcon.colcon_core.shell:Skip shell extension 'dsv' for command environment
[0.406s] INFO:colcon.colcon_core.task.python.build:Building Python package in '/home/jeongjiwon/busan_ws/busansoma/my_pkg'
[0.406s] INFO:colcon.colcon_core.shell:Skip shell extension 'powershell' for command environment: Not usable outside of PowerShell
[0.406s] DEBUG:colcon.colcon_core.shell:Skip shell extension 'dsv' for command environment
[0.530s] INFO:colcon.colcon_core.task.python.build:Building Python package in '/home/jeongjiwon/busan_ws/busansoma/turtle_move'
[0.531s] INFO:colcon.colcon_core.shell:Skip shell extension 'powershell' for command environment: Not usable outside of PowerShell
[0.531s] DEBUG:colcon.colcon_core.shell:Skip shell extension 'dsv' for command environment
[0.746s] DEBUG:colcon.colcon_core.event_handler.log_command:Invoking command in '/home/jeongjiwon/busan_ws/build/turtle_move': PYTHONPATH=/home/jeongjiwon/busan_ws/build/turtle_move/prefix_override:/home/jeongjiwon/busan_ws/install/turtle_move/lib/python3.8/site-packages:${PYTHONPATH} /usr/bin/python3 -W ignore:setup.py install is deprecated setup.py develop --editable --build-directory /home/jeongjiwon/busan_ws/build/turtle_move/build --no-deps symlink_data
[0.751s] DEBUG:colcon.colcon_core.event_handler.log_command:Invoking command in '/home/jeongjiwon/busan_ws/build/my_pkg': PYTHONPATH=/home/jeongjiwon/busan_ws/build/my_pkg/prefix_override:/home/jeongjiwon/busan_ws/install/my_pkg/lib/python3.8/site-packages:${PYTHONPATH} /usr/bin/python3 -W ignore:setup.py install is deprecated setup.py develop --editable --build-directory /home/jeongjiwon/busan_ws/build/my_pkg/build --no-deps symlink_data
[1.029s] Level 1:colcon.colcon_core.shell:create_environment_hook('turtle_move', 'pythonpath_develop')
[1.029s] INFO:colcon.colcon_core.shell:Creating environment hook '/home/jeongjiwon/busan_ws/build/turtle_move/share/turtle_move/hook/pythonpath_develop.ps1'
[1.030s] DEBUG:colcon.colcon_core.event_handler.log_command:Invoked command in '/home/jeongjiwon/busan_ws/build/turtle_move' returned '0': PYTHONPATH=/home/jeongjiwon/busan_ws/build/turtle_move/prefix_override:/home/jeongjiwon/busan_ws/install/turtle_move/lib/python3.8/site-packages:${PYTHONPATH} /usr/bin/python3 -W ignore:setup.py install is deprecated setup.py develop --editable --build-directory /home/jeongjiwon/busan_ws/build/turtle_move/build --no-deps symlink_data
[1.030s] INFO:colcon.colcon_core.shell:Creating environment descriptor '/home/jeongjiwon/busan_ws/build/turtle_move/share/turtle_move/hook/pythonpath_develop.dsv'
[1.030s] INFO:colcon.colcon_core.shell:Creating environment hook '/home/jeongjiwon/busan_ws/build/turtle_move/share/turtle_move/hook/pythonpath_develop.sh'
[1.032s] Level 1:colcon.colcon_core.environment:checking '/home/jeongjiwon/busan_ws/install/turtle_move' for CMake module files
[1.032s] Level 1:colcon.colcon_core.environment:checking '/home/jeongjiwon/busan_ws/install/turtle_move' for CMake config files
[1.032s] Level 1:colcon.colcon_core.environment:checking '/home/jeongjiwon/busan_ws/install/turtle_move/lib'
[1.032s] Level 1:colcon.colcon_core.environment:checking '/home/jeongjiwon/busan_ws/install/turtle_move/bin'
[1.032s] Level 1:colcon.colcon_core.environment:checking '/home/jeongjiwon/busan_ws/install/turtle_move/lib/pkgconfig/turtle_move.pc'
[1.032s] Level 1:colcon.colcon_core.environment:checking '/home/jeongjiwon/busan_ws/install/turtle_move/lib/python3.8/site-packages'
[1.033s] Level 1:colcon.colcon_core.shell:create_environment_hook('turtle_move', 'pythonpath')
[1.033s] INFO:colcon.colcon_core.shell:Creating environment hook '/home/jeongjiwon/busan_ws/install/turtle_move/share/turtle_move/hook/pythonpath.ps1'
[1.033s] INFO:colcon.colcon_core.shell:Creating environment descriptor '/home/jeongjiwon/busan_ws/install/turtle_move/share/turtle_move/hook/pythonpath.dsv'
[1.033s] INFO:colcon.colcon_core.shell:Creating environment hook '/home/jeongjiwon/busan_ws/install/turtle_move/share/turtle_move/hook/pythonpath.sh'
[1.033s] Level 1:colcon.colcon_core.environment:checking '/home/jeongjiwon/busan_ws/install/turtle_move/bin'
[1.033s] Level 1:colcon.colcon_core.environment:create_environment_scripts_only(turtle_move)
[1.033s] INFO:colcon.colcon_core.shell:Creating package script '/home/jeongjiwon/busan_ws/install/turtle_move/share/turtle_move/package.ps1'
[1.034s] INFO:colcon.colcon_core.shell:Creating package descriptor '/home/jeongjiwon/busan_ws/install/turtle_move/share/turtle_move/package.dsv'
[1.034s] INFO:colcon.colcon_core.shell:Creating package script '/home/jeongjiwon/busan_ws/install/turtle_move/share/turtle_move/package.sh'
[1.034s] INFO:colcon.colcon_core.shell:Creating package script '/home/jeongjiwon/busan_ws/install/turtle_move/share/turtle_move/package.bash'
[1.035s] INFO:colcon.colcon_core.shell:Creating package script '/home/jeongjiwon/busan_ws/install/turtle_move/share/turtle_move/package.zsh'
[1.035s] Level 1:colcon.colcon_core.environment:create_file_with_runtime_dependencies(/home/jeongjiwon/busan_ws/install/turtle_move/share/colcon-core/packages/turtle_move)
[1.035s] Level 1:colcon.colcon_core.shell:create_environment_hook('my_pkg', 'pythonpath_develop')
[1.036s] INFO:colcon.colcon_core.shell:Creating environment hook '/home/jeongjiwon/busan_ws/build/my_pkg/share/my_pkg/hook/pythonpath_develop.ps1'
[1.036s] INFO:colcon.colcon_core.shell:Creating environment descriptor '/home/jeongjiwon/busan_ws/build/my_pkg/share/my_pkg/hook/pythonpath_develop.dsv'
[1.036s] DEBUG:colcon.colcon_core.event_handler.log_command:Invoked command in '/home/jeongjiwon/busan_ws/build/my_pkg' returned '0': PYTHONPATH=/home/jeongjiwon/busan_ws/build/my_pkg/prefix_override:/home/jeongjiwon/busan_ws/install/my_pkg/lib/python3.8/site-packages:${PYTHONPATH} /usr/bin/python3 -W ignore:setup.py install is deprecated setup.py develop --editable --build-directory /home/jeongjiwon/busan_ws/build/my_pkg/build --no-deps symlink_data
[1.036s] INFO:colcon.colcon_core.shell:Creating environment hook '/home/jeongjiwon/busan_ws/build/my_pkg/share/my_pkg/hook/pythonpath_develop.sh'
[1.037s] Level 1:colcon.colcon_core.environment:checking '/home/jeongjiwon/busan_ws/install/my_pkg' for CMake module files
[1.037s] Level 1:colcon.colcon_core.environment:checking '/home/jeongjiwon/busan_ws/install/my_pkg' for CMake config files
[1.037s] Level 1:colcon.colcon_core.environment:checking '/home/jeongjiwon/busan_ws/install/my_pkg/lib'
[1.037s] Level 1:colcon.colcon_core.environment:checking '/home/jeongjiwon/busan_ws/install/my_pkg/bin'
[1.037s] Level 1:colcon.colcon_core.environment:checking '/home/jeongjiwon/busan_ws/install/my_pkg/lib/pkgconfig/my_pkg.pc'
[1.037s] Level 1:colcon.colcon_core.environment:checking '/home/jeongjiwon/busan_ws/install/my_pkg/lib/python3.8/site-packages'
[1.037s] Level 1:colcon.colcon_core.shell:create_environment_hook('my_pkg', 'pythonpath')
[1.037s] INFO:colcon.colcon_core.shell:Creating environment hook '/home/jeongjiwon/busan_ws/install/my_pkg/share/my_pkg/hook/pythonpath.ps1'
[1.038s] INFO:colcon.colcon_core.shell:Creating environment descriptor '/home/jeongjiwon/busan_ws/install/my_pkg/share/my_pkg/hook/pythonpath.dsv'
[1.038s] INFO:colcon.colcon_core.shell:Creating environment hook '/home/jeongjiwon/busan_ws/install/my_pkg/share/my_pkg/hook/pythonpath.sh'
[1.038s] Level 1:colcon.colcon_core.environment:checking '/home/jeongjiwon/busan_ws/install/my_pkg/bin'
[1.038s] Level 1:colcon.colcon_core.environment:create_environment_scripts_only(my_pkg)
[1.038s] INFO:colcon.colcon_core.shell:Creating package script '/home/jeongjiwon/busan_ws/install/my_pkg/share/my_pkg/package.ps1'
[1.038s] INFO:colcon.colcon_core.shell:Creating package descriptor '/home/jeongjiwon/busan_ws/install/my_pkg/share/my_pkg/package.dsv'
[1.039s] INFO:colcon.colcon_core.shell:Creating package script '/home/jeongjiwon/busan_ws/install/my_pkg/share/my_pkg/package.sh'
[1.039s] INFO:colcon.colcon_core.shell:Creating package script '/home/jeongjiwon/busan_ws/install/my_pkg/share/my_pkg/package.bash'
[1.039s] INFO:colcon.colcon_core.shell:Creating package script '/home/jeongjiwon/busan_ws/install/my_pkg/share/my_pkg/package.zsh'
[1.039s] Level 1:colcon.colcon_core.environment:create_file_with_runtime_dependencies(/home/jeongjiwon/busan_ws/install/my_pkg/share/colcon-core/packages/my_pkg)
[1.039s] DEBUG:colcon.colcon_parallel_executor.executor.parallel:closing loop
[1.039s] DEBUG:colcon.colcon_parallel_executor.executor.parallel:loop closed
[1.039s] DEBUG:colcon.colcon_parallel_executor.executor.parallel:run_until_complete finished with '0'
[1.039s] DEBUG:colcon.colcon_core.event_reactor:joining thread
[1.043s] INFO:colcon.colcon_core.plugin_system:Skipping extension 'colcon_notification.desktop_notification.terminal_notifier': Not used on non-Darwin systems
[1.043s] INFO:colcon.colcon_core.plugin_system:Skipping extension 'colcon_notification.desktop_notification.win32': Not used on non-Windows systems
[1.043s] INFO:colcon.colcon_notification.desktop_notification:Sending desktop notification using 'notify2'
[1.053s] DEBUG:colcon.colcon_core.event_reactor:joined thread
[1.054s] INFO:colcon.colcon_core.shell:Creating prefix script '/home/jeongjiwon/busan_ws/install/local_setup.ps1'
[1.054s] INFO:colcon.colcon_core.shell:Creating prefix util module '/home/jeongjiwon/busan_ws/install/_local_setup_util_ps1.py'
[1.055s] INFO:colcon.colcon_core.shell:Creating prefix chain script '/home/jeongjiwon/busan_ws/install/setup.ps1'
[1.055s] INFO:colcon.colcon_core.shell:Creating prefix script '/home/jeongjiwon/busan_ws/install/local_setup.sh'
[1.055s] INFO:colcon.colcon_core.shell:Creating prefix util module '/home/jeongjiwon/busan_ws/install/_local_setup_util_sh.py'
[1.056s] INFO:colcon.colcon_core.shell:Creating prefix chain script '/home/jeongjiwon/busan_ws/install/setup.sh'
[1.056s] INFO:colcon.colcon_core.shell:Creating prefix script '/home/jeongjiwon/busan_ws/install/local_setup.bash'
[1.056s] INFO:colcon.colcon_core.shell:Creating prefix chain script '/home/jeongjiwon/busan_ws/install/setup.bash'
[1.057s] INFO:colcon.colcon_core.shell:Creating prefix script '/home/jeongjiwon/busan_ws/install/local_setup.zsh'
[1.057s] INFO:colcon.colcon_core.shell:Creating prefix chain script '/home/jeongjiwon/busan_ws/install/setup.zsh'
